{
  "RSpec": {
    "coverage": {
      "/home/gustavo/workspace/rails_treinadev/treinadev-turma2/rental-cars-treinadev02/app/models/user.rb": [
        1,
        null,
        null,
        1,
        null,
        null,
        1,
        null
      ],
      "/home/gustavo/workspace/rails_treinadev/treinadev-turma2/rental-cars-treinadev02/app/models/application_record.rb": [
        1,
        1,
        null
      ],
      "/home/gustavo/workspace/rails_treinadev/treinadev-turma2/rental-cars-treinadev02/app/helpers/application_helper.rb": [
        1,
        1,
        11,
        11,
        11,
        11,
        11,
        11,
        null,
        null,
        1,
        4,
        4,
        4,
        4,
        4,
        null,
        null
      ],
      "/home/gustavo/workspace/rails_treinadev/treinadev-turma2/rental-cars-treinadev02/app/models/car_category.rb": [
        1,
        1,
        null
      ],
      "/home/gustavo/workspace/rails_treinadev/treinadev-turma2/rental-cars-treinadev02/app/models/car_model.rb": [
        1,
        1,
        1,
        1,
        null
      ],
      "/home/gustavo/workspace/rails_treinadev/treinadev-turma2/rental-cars-treinadev02/app/models/car.rb": [
        1,
        1,
        1,
        null,
        1,
        1,
        1,
        null,
        null,
        null
      ],
      "/home/gustavo/workspace/rails_treinadev/treinadev-turma2/rental-cars-treinadev02/app/models/client.rb": [
        1,
        null
      ],
      "/home/gustavo/workspace/rails_treinadev/treinadev-turma2/rental-cars-treinadev02/app/models/manufacturer.rb": [
        1,
        1,
        1,
        1,
        null
      ],
      "/home/gustavo/workspace/rails_treinadev/treinadev-turma2/rental-cars-treinadev02/app/models/subsidiary.rb": [
        1,
        1,
        1,
        1,
        1,
        null,
        1,
        null
      ],
      "/home/gustavo/workspace/rails_treinadev/treinadev-turma2/rental-cars-treinadev02/app/controllers/home_controller.rb": [
        1,
        1,
        74,
        null,
        null,
        1,
        null,
        null,
        null
      ],
      "/home/gustavo/workspace/rails_treinadev/treinadev-turma2/rental-cars-treinadev02/app/controllers/application_controller.rb": [
        1,
        null
      ],
      "/home/gustavo/workspace/rails_treinadev/treinadev-turma2/rental-cars-treinadev02/app/controllers/subsidiaries_controller.rb": [
        1,
        1,
        1,
        1,
        null,
        1,
        18,
        null,
        null,
        1,
        null,
        null,
        1,
        6,
        null,
        null,
        1,
        5,
        5,
        2,
        null,
        3,
        null,
        null,
        null,
        1,
        null,
        null,
        1,
        4,
        1,
        null,
        3,
        null,
        null,
        null,
        1,
        2,
        2,
        null,
        null,
        1,
        null,
        1,
        9,
        null,
        null,
        1,
        24,
        null,
        null,
        1,
        22,
        null,
        null
      ],
      "/home/gustavo/workspace/rails_treinadev/treinadev-turma2/rental-cars-treinadev02/app/controllers/car_categories_controller.rb": [
        1,
        1,
        1,
        1,
        null,
        1,
        14,
        null,
        null,
        1,
        null,
        null,
        1,
        3,
        null,
        null,
        1,
        2,
        2,
        2,
        null,
        0,
        null,
        null,
        null,
        1,
        null,
        null,
        1,
        1,
        1,
        null,
        0,
        null,
        null,
        null,
        null,
        1,
        null,
        1,
        3,
        null,
        null,
        null,
        1,
        10,
        null,
        null,
        1,
        15,
        null,
        null
      ],
      "/home/gustavo/workspace/rails_treinadev/treinadev-turma2/rental-cars-treinadev02/app/controllers/car_models_controller.rb": [
        1,
        1,
        1,
        1,
        null,
        1,
        12,
        null,
        null,
        1,
        null,
        null,
        1,
        2,
        2,
        2,
        null,
        null,
        1,
        1,
        1,
        1,
        1,
        null,
        0,
        0,
        null,
        null,
        null,
        1,
        1,
        1,
        null,
        null,
        1,
        1,
        1,
        1,
        null,
        0,
        0,
        null,
        null,
        null,
        1,
        1,
        2,
        null,
        null,
        null,
        1,
        7,
        null,
        null,
        1,
        9,
        null,
        null,
        1,
        1,
        1,
        null,
        null
      ],
      "/home/gustavo/workspace/rails_treinadev/treinadev-turma2/rental-cars-treinadev02/app/controllers/manufacturers_controller.rb": [
        1,
        1,
        1,
        1,
        null,
        1,
        16,
        null,
        null,
        1,
        null,
        null,
        1,
        5,
        null,
        null,
        1,
        4,
        4,
        2,
        2,
        null,
        2,
        null,
        null,
        null,
        1,
        null,
        null,
        1,
        3,
        1,
        1,
        null,
        2,
        null,
        null,
        null,
        1,
        null,
        1,
        20,
        null,
        null,
        1,
        7,
        null,
        null,
        1,
        18,
        null,
        null
      ],
      "/home/gustavo/workspace/rails_treinadev/treinadev-turma2/rental-cars-treinadev02/app/controllers/cars_controller.rb": [
        1,
        1,
        1,
        1,
        null,
        1,
        10,
        null,
        null,
        1,
        3,
        3,
        null,
        null,
        1,
        4,
        null,
        null,
        1,
        4,
        4,
        1,
        null,
        3,
        3,
        null,
        null,
        null,
        1,
        0,
        0,
        null,
        null,
        1,
        0,
        0,
        0,
        0,
        null,
        0,
        0,
        null,
        null,
        null,
        1,
        null,
        1,
        4,
        null,
        null,
        null,
        1,
        11,
        11,
        11,
        null,
        null,
        1,
        9,
        null,
        null
      ],
      "/home/gustavo/workspace/rails_treinadev/treinadev-turma2/rental-cars-treinadev02/app/controllers/clients_controller.rb": [
        1,
        1,
        7,
        null,
        null,
        1,
        3,
        null,
        null,
        1,
        2,
        2,
        2,
        null,
        0,
        null,
        null,
        null,
        1,
        null,
        1,
        2,
        null,
        null,
        null
      ],
      "/home/gustavo/workspace/rails_treinadev/treinadev-turma2/rental-cars-treinadev02/app/jobs/application_job.rb": [
        0,
        0
      ],
      "/home/gustavo/workspace/rails_treinadev/treinadev-turma2/rental-cars-treinadev02/app/mailers/application_mailer.rb": [
        0,
        0,
        0,
        0
      ],
      "/home/gustavo/workspace/rails_treinadev/treinadev-turma2/rental-cars-treinadev02/app/channels/application_cable/connection.rb": [
        0,
        0,
        0,
        0
      ],
      "/home/gustavo/workspace/rails_treinadev/treinadev-turma2/rental-cars-treinadev02/app/channels/application_cable/channel.rb": [
        0,
        0,
        0,
        0
      ]
    },
    "timestamp": 1575859426
  }
}
