{
  "RSpec": {
    "coverage": {
      "/Users/treinadev02/workspace/rental-cars-treinadev02/app/models/user.rb": [
        1,
        null,
        null,
        1,
        null,
        null,
        1,
        null
      ],
      "/Users/treinadev02/workspace/rental-cars-treinadev02/app/models/application_record.rb": [
        1,
        1,
        null
      ],
      "/Users/treinadev02/workspace/rental-cars-treinadev02/app/helpers/application_helper.rb": [
        1,
        1,
        0,
        0,
        0,
        0,
        0,
        0,
        null,
        null,
        1,
        0,
        0,
        0,
        0,
        0,
        null,
        null
      ],
      "/Users/treinadev02/workspace/rental-cars-treinadev02/app/models/rental.rb": [
        1,
        1,
        1,
        1,
        1,
        1,
        null,
        1,
        1,
        null,
        1,
        1,
        null,
        1,
        0,
        null,
        null,
        1,
        0,
        null,
        null,
        1,
        0,
        null,
        null,
        1,
        0,
        null,
        null,
        null,
        null,
        null,
        null,
        null,
        null,
        null,
        null,
        null,
        null,
        null,
        null,
        null,
        null,
        1,
        null,
        null,
        1,
        1,
        null,
        null,
        null,
        1,
        null,
        null,
        1,
        null,
        null,
        null
      ],
      "/Users/treinadev02/workspace/rental-cars-treinadev02/app/models/subsidiary.rb": [
        1,
        1,
        1,
        1,
        1,
        null,
        1,
        null
      ],
      "/Users/treinadev02/workspace/rental-cars-treinadev02/app/models/client.rb": [
        1,
        null,
        null,
        1,
        0,
        null,
        null
      ],
      "/Users/treinadev02/workspace/rental-cars-treinadev02/app/models/car_category.rb": [
        1,
        1,
        1,
        null
      ],
      "/Users/treinadev02/workspace/rental-cars-treinadev02/app/models/manufacturer.rb": [
        1,
        1,
        1,
        1,
        null
      ],
      "/Users/treinadev02/workspace/rental-cars-treinadev02/app/models/car_model.rb": [
        1,
        1,
        1,
        1,
        null
      ],
      "/Users/treinadev02/workspace/rental-cars-treinadev02/app/models/car.rb": [
        1,
        1,
        1,
        1,
        1,
        1,
        null,
        1,
        1,
        1,
        null,
        null,
        1,
        null,
        1,
        0,
        null,
        null,
        1,
        0,
        null,
        null,
        null,
        null
      ],
      "/Users/treinadev02/workspace/rental-cars-treinadev02/app/mailers/application_mailer.rb": [
        0,
        0,
        0,
        0
      ],
      "/Users/treinadev02/workspace/rental-cars-treinadev02/app/models/car_rental.rb": [
        0,
        0,
        0,
        0
      ],
      "/Users/treinadev02/workspace/rental-cars-treinadev02/app/jobs/application_job.rb": [
        0,
        0
      ],
      "/Users/treinadev02/workspace/rental-cars-treinadev02/app/controllers/subsidiaries_controller.rb": [
        0,
        0,
        0,
        0,
        null,
        0,
        0,
        0,
        null,
        0,
        0,
        null,
        0,
        0,
        0,
        null,
        0,
        0,
        0,
        0,
        0,
        0,
        0,
        0,
        null,
        0,
        0,
        null,
        0,
        0,
        0,
        0,
        0,
        0,
        0,
        null,
        0,
        0,
        0,
        0,
        null,
        0,
        null,
        0,
        0,
        0,
        null,
        0,
        0,
        0,
        null,
        0,
        0,
        0,
        0
      ],
      "/Users/treinadev02/workspace/rental-cars-treinadev02/app/controllers/application_controller.rb": [
        0,
        0
      ],
      "/Users/treinadev02/workspace/rental-cars-treinadev02/app/controllers/rentals_controller.rb": [
        0,
        null,
        0,
        null,
        0,
        0,
        0,
        null,
        0,
        0,
        0,
        null,
        null,
        null,
        null,
        null,
        0,
        null,
        0,
        0,
        0,
        0,
        0,
        null,
        0,
        0,
        0,
        0,
        0,
        0,
        0,
        0,
        0,
        null,
        null,
        null,
        null,
        null,
        null,
        0,
        0,
        null,
        0,
        null,
        0,
        null,
        0,
        0,
        0,
        0,
        0,
        0,
        null,
        0,
        0,
        0,
        0,
        0,
        0,
        null,
        0,
        0,
        0,
        null,
        0,
        0,
        0,
        0,
        0,
        null,
        null,
        0,
        null,
        0,
        null,
        null,
        null,
        0,
        0,
        0,
        0,
        0,
        null,
        null,
        null,
        null
      ],
      "/Users/treinadev02/workspace/rental-cars-treinadev02/app/controllers/cars_controller.rb": [
        0,
        0,
        0,
        0,
        null,
        0,
        0,
        0,
        null,
        0,
        0,
        0,
        0,
        null,
        0,
        0,
        0,
        null,
        0,
        0,
        0,
        0,
        0,
        0,
        0,
        0,
        0,
        null,
        0,
        0,
        0,
        0,
        null,
        0,
        0,
        0,
        0,
        0,
        0,
        0,
        0,
        0,
        0,
        null,
        0,
        null,
        0,
        0,
        0,
        0,
        null,
        0,
        0,
        0,
        0,
        0,
        null,
        0,
        0,
        0,
        0
      ],
      "/Users/treinadev02/workspace/rental-cars-treinadev02/app/controllers/clients_controller.rb": [
        0,
        0,
        0,
        0,
        null,
        0,
        0,
        0,
        null,
        0,
        0,
        0,
        0,
        0,
        0,
        0,
        0,
        null,
        0,
        null,
        0,
        0,
        0,
        null,
        0
      ],
      "/Users/treinadev02/workspace/rental-cars-treinadev02/app/controllers/car_models_controller.rb": [
        0,
        0,
        0,
        0,
        null,
        0,
        0,
        0,
        null,
        0,
        0,
        null,
        0,
        0,
        0,
        0,
        0,
        null,
        0,
        0,
        0,
        0,
        0,
        0,
        0,
        0,
        0,
        0,
        null,
        0,
        0,
        0,
        0,
        null,
        0,
        0,
        0,
        0,
        0,
        0,
        0,
        0,
        0,
        null,
        0,
        0,
        0,
        0,
        0,
        null,
        0,
        0,
        0,
        null,
        0,
        0,
        0,
        null,
        0,
        0,
        0,
        0,
        0
      ],
      "/Users/treinadev02/workspace/rental-cars-treinadev02/app/controllers/manufacturers_controller.rb": [
        0,
        0,
        0,
        0,
        null,
        0,
        0,
        0,
        null,
        0,
        0,
        null,
        0,
        0,
        0,
        null,
        0,
        0,
        0,
        0,
        0,
        0,
        0,
        0,
        0,
        null,
        0,
        0,
        null,
        0,
        0,
        0,
        0,
        0,
        0,
        0,
        0,
        null,
        0,
        null,
        0,
        0,
        0,
        null,
        0,
        0,
        0,
        null,
        0,
        0,
        0,
        0
      ],
      "/Users/treinadev02/workspace/rental-cars-treinadev02/app/controllers/home_controller.rb": [
        0,
        0,
        0,
        0,
        null,
        0,
        null,
        0,
        0
      ],
      "/Users/treinadev02/workspace/rental-cars-treinadev02/app/controllers/car_categories_controller.rb": [
        0,
        0,
        0,
        0,
        null,
        0,
        0,
        0,
        null,
        0,
        0,
        null,
        0,
        0,
        0,
        null,
        0,
        0,
        0,
        0,
        0,
        0,
        0,
        0,
        null,
        0,
        0,
        null,
        0,
        0,
        0,
        0,
        0,
        0,
        0,
        null,
        null,
        0,
        null,
        0,
        0,
        0,
        0,
        null,
        0,
        0,
        0,
        null,
        0,
        0,
        0,
        0
      ],
      "/Users/treinadev02/workspace/rental-cars-treinadev02/app/channels/application_cable/connection.rb": [
        0,
        0,
        0,
        0
      ],
      "/Users/treinadev02/workspace/rental-cars-treinadev02/app/channels/application_cable/channel.rb": [
        0,
        0,
        0,
        0
      ]
    },
    "timestamp": 1576264058
  }
}
